<?xml version="1.0" encoding="UTF-8"?>
<!-- Generated by org.testng.reporters.JUnitReportReporter -->
<testsuite hostname="Chandani" name="org.learnautomation.testcases.SeleniumGridTest2" tests="1" failures="0" timestamp="10 Feb 2019 16:55:07 GMT" time="15.152" errors="0">
  <testcase name="testOnCloud" time="15.152" classname="org.learnautomation.testcases.SeleniumGridTest2"/>
</testsuite> <!-- org.learnautomation.testcases.SeleniumGridTest2 -->
