<?xml version="1.0" encoding="UTF-8"?>
<!-- Generated by org.testng.reporters.JUnitReportReporter -->
<testsuite hostname="Chandani" name="org.learnautomation.testcases.FirstLoginFreeCRMTest" tests="1" failures="0" timestamp="3 Feb 2019 03:58:14 GMT" time="40.093" errors="0">
  <testcase name="loginCRM" time="40.093" classname="org.learnautomation.testcases.FirstLoginFreeCRMTest"/>
</testsuite> <!-- org.learnautomation.testcases.FirstLoginFreeCRMTest -->
