<?xml version="1.0" encoding="UTF-8"?>
<!-- Generated by org.testng.reporters.JUnitReportReporter -->
<testsuite hostname="Chandani" name="org.learnautomation.testcases.SeleniumGridTest" tests="1" failures="0" timestamp="10 Feb 2019 16:48:20 GMT" time="36.823" errors="0">
  <testcase name="testOnCloud" time="36.823" classname="org.learnautomation.testcases.SeleniumGridTest"/>
</testsuite> <!-- org.learnautomation.testcases.SeleniumGridTest -->
