<?xml version="1.0" encoding="UTF-8"?>
<!-- Generated by org.testng.reporters.JUnitReportReporter -->
<testsuite hostname="Chandani" name="org.learnautomation.testcases.SeleniumGridTest3" tests="1" failures="0" timestamp="10 Feb 2019 17:25:56 GMT" time="11.499" errors="0">
  <testcase name="testOnCloud" time="11.499" classname="org.learnautomation.testcases.SeleniumGridTest3"/>
</testsuite> <!-- org.learnautomation.testcases.SeleniumGridTest3 -->
