<?xml version="1.0" encoding="UTF-8"?>
<!-- Generated by org.testng.reporters.JUnitReportReporter -->
<testsuite hostname="Chandani" name="org.learnautomation.unitTest.TestBrowserFactory" tests="1" failures="0" timestamp="3 Feb 2019 03:22:17 GMT" time="12.703" errors="0">
  <testcase name="testBrowsers" time="12.703" classname="org.learnautomation.unitTest.TestBrowserFactory"/>
</testsuite> <!-- org.learnautomation.unitTest.TestBrowserFactory -->
