<?xml version="1.0" encoding="UTF-8"?>
<!-- Generated by org.testng.reporters.JUnitReportReporter -->
<testsuite hostname="Chandani" name="org.learnautomation.unitTest.TestDataProviderFactory" tests="2" failures="0" timestamp="2 Feb 2019 04:05:01 GMT" time="1.057" errors="0">
  <testcase name="testConfigLib" time="0.037" classname="org.learnautomation.unitTest.TestDataProviderFactory"/>
  <testcase name="testExcelLib" time="1.020" classname="org.learnautomation.unitTest.TestDataProviderFactory"/>
</testsuite> <!-- org.learnautomation.unitTest.TestDataProviderFactory -->
